#1 [internal] load local bake definitions
#1 reading from stdin 465B done
#1 DONE 0.0s

#2 [internal] load build definition from Dockerfile
#2 transferring dockerfile: 720B done
#2 DONE 0.0s

#3 [internal] load metadata for docker.io/library/python:3.9-slim
#3 DONE 0.3s

#4 [internal] load .dockerignore
#4 transferring context: 2B done
#4 DONE 0.0s

#5 [1/6] FROM docker.io/library/python:3.9-slim@sha256:545badebace9a958b98d3e272f0f0d46c0a1a389ac77e24c33f2e7b548ce1b6b
#5 DONE 0.0s

#6 [internal] load build context
#6 transferring context: 13.39kB done
#6 DONE 0.0s

#7 [2/6] WORKDIR /app
#7 CACHED

#8 [3/6] COPY ./backend/requirements.txt /app/
#8 CACHED

#9 [4/6] RUN pip install --no-cache-dir -r requirements.txt
#9 CACHED

#10 [5/6] COPY ./backend /app/
#10 DONE 1.0s

#11 [6/6] COPY ./frontend /app/frontend
